{
  "Cucumber Features": {
    "coverage": {
      "/home/saasbook/Documents/assignment3/hw3_rottenpotatoes/app/controllers/application_controller.rb": [
        1,
        1,
        null
      ],
      "/home/saasbook/Documents/assignment3/hw3_rottenpotatoes/app/helpers/application_helper.rb": [
        1,
        null
      ],
      "/home/saasbook/Documents/assignment3/hw3_rottenpotatoes/app/helpers/movies_helper.rb": [
        1,
        null,
        1,
        0,
        null,
        null
      ],
      "/home/saasbook/Documents/assignment3/hw3_rottenpotatoes/app/controllers/movies_controller.rb": [
        1,
        null,
        1,
        3,
        3,
        null,
        null,
        null,
        1,
        27,
        27,
        null,
        2,
        null,
        2,
        null,
        27,
        27,
        null,
        27,
        2,
        2,
        2,
        null,
        null,
        25,
        4,
        4,
        4,
        4,
        null,
        21,
        null,
        null,
        1,
        null,
        null,
        null,
        1,
        0,
        0,
        0,
        null,
        null,
        1,
        1,
        null,
        null,
        1,
        1,
        1,
        1,
        1,
        null,
        null,
        1,
        0,
        0,
        0,
        0,
        null,
        null,
        1,
        null,
        2,
        null,
        2,
        1,
        1,
        null,
        null,
        null,
        null,
        null
      ],
      "/home/saasbook/Documents/assignment3/hw3_rottenpotatoes/app/models/movie.rb": [
        1,
        1,
        27,
        null,
        null,
        1,
        2,
        null,
        2,
        null,
        null,
        1,
        null,
        null,
        null
      ]
    },
    "timestamp": 1345423964
  },
  "RSpec": {
    "coverage": {
      "/home/saasbook/Documents/assignment3/hw3_rottenpotatoes/app/controllers/application_controller.rb": [
        1,
        1,
        null
      ],
      "/home/saasbook/Documents/assignment3/hw3_rottenpotatoes/app/helpers/application_helper.rb": [
        1,
        null
      ],
      "/home/saasbook/Documents/assignment3/hw3_rottenpotatoes/app/helpers/movies_helper.rb": [
        1,
        null,
        1,
        0,
        null,
        null
      ],
      "/home/saasbook/Documents/assignment3/hw3_rottenpotatoes/app/controllers/movies_controller.rb": [
        1,
        null,
        1,
        0,
        0,
        null,
        null,
        null,
        1,
        0,
        0,
        null,
        0,
        null,
        0,
        null,
        0,
        0,
        null,
        0,
        0,
        0,
        0,
        null,
        null,
        0,
        0,
        0,
        0,
        0,
        null,
        0,
        null,
        null,
        1,
        null,
        null,
        null,
        1,
        0,
        0,
        0,
        null,
        null,
        1,
        0,
        null,
        null,
        1,
        0,
        0,
        0,
        0,
        null,
        null,
        1,
        0,
        0,
        0,
        0,
        null,
        null,
        1,
        null,
        3,
        null,
        3,
        0,
        0,
        null,
        null,
        null,
        null,
        null
      ],
      "/home/saasbook/Documents/assignment3/hw3_rottenpotatoes/app/models/movie.rb": [
        1,
        1,
        0,
        null,
        null,
        1,
        2,
        null,
        2,
        null,
        null,
        2,
        null,
        null,
        null
      ]
    },
    "timestamp": 1345424041
  }
}
